<?xml version="1.0" encoding="UTF-8"?>
<!-- Generated by org.testng.reporters.JUnitReportReporter -->
<testsuite hostname="LTIN513300" failures="0" tests="1" name="Portfolio_Details.Portfolio_Class" time="14.140" errors="0" timestamp="2025-02-21T02:38:23 IST" skipped="0">
  <testcase classname="Portfolio_Details.Portfolio_Class" name="openMyBlog" time="14.140"/>
</testsuite> <!-- Portfolio_Details.Portfolio_Class -->
