<?xml version="1.0" encoding="UTF-8"?>
<!-- Generated by org.testng.reporters.JUnitReportReporter -->
<testsuite hostname="LTIN513300" failures="0" tests="1" name="Sector_Details.Sector_Class" time="21.988" errors="0" timestamp="2025-02-21T02:51:05 IST" skipped="0">
  <testcase classname="Sector_Details.Sector_Class" name="openMyBlog" time="21.988"/>
</testsuite> <!-- Sector_Details.Sector_Class -->
